<?xml version="1.0" encoding="UTF-8"?>
<!-- Generated by org.testng.reporters.JUnitReportReporter -->
<testsuite hostname="CHENZ-CN" name="uitestcase.cookie.ht_login" tests="2" failures="0" timestamp="17 Dec 2018 07:52:58 GMT" time="88.850" errors="0">
  <testcase name="MainPage" time="59.577" classname="uitestcase.cookie.ht_login"/>
  <testcase name="Login_cookie" time="29.273" classname="uitestcase.cookie.ht_login"/>
</testsuite> <!-- uitestcase.cookie.ht_login -->
