<?xml version="1.0" encoding="UTF-8"?>
<!-- Generated by org.testng.reporters.JUnitReportReporter -->
<testsuite hostname="CHENZ-CN" name="uitestcase.bdtest.BD_example" tests="1" failures="0" timestamp="11 Dec 2018 07:54:42 GMT" time="64.667" errors="0">
  <testcase name="MainPage" time="64.667" classname="uitestcase.bdtest.BD_example"/>
</testsuite> <!-- uitestcase.bdtest.BD_example -->
