<?xml version="1.0" encoding="UTF-8"?>
<!-- Generated by org.testng.reporters.JUnitReportReporter -->
<testsuite hostname="CHENZ-CN" name="uitestcase.NonUITest" tests="1" failures="0" timestamp="10 Dec 2018 05:42:25 GMT" time="6.257" errors="0">
  <testcase name="test1" time="6.257" classname="uitestcase.NonUITest"/>
</testsuite> <!-- uitestcase.NonUITest -->
