<?xml version="1.0" encoding="UTF-8"?>
<!-- Generated by org.testng.reporters.JUnitReportReporter -->
<testsuite hostname="CHENZ-CN" name="uitestcase.BD_example" tests="1" failures="0" timestamp="10 Dec 2018 06:03:30 GMT" time="34.146" errors="0">
  <testcase name="MainPage" time="34.146" classname="uitestcase.BD_example"/>
</testsuite> <!-- uitestcase.BD_example -->
